<?xml version="1.0" encoding="UTF-8"?>
<!-- Generated by org.testng.reporters.JUnitReportReporter -->
<testsuite hostname="DESKTOP-KOJOBGV" failures="0" tests="1" name="com.mohs10.Report.PDFReportTest" time="4.299" errors="0" timestamp="2023-05-18T15:31:13 IST" skipped="0">
  <testcase classname="com.mohs10.Report.PDFReportTest" name="PDFreports" time="4.299"/>
  <system-out/>
</testsuite> <!-- com.mohs10.Report.PDFReportTest -->
