<?xml version="1.0" encoding="UTF-8"?>
<!-- Generated by org.testng.reporters.JUnitReportReporter -->
<testsuite hostname="DESKTOP-KOJOBGV" failures="0" tests="1" name="com.mohs10.scripts.HomeTest" time="25.414" errors="0" timestamp="2023-05-26T12:50:25 IST" skipped="0">
  <testcase classname="com.mohs10.scripts.HomeTest" name="LoginTestCase3" time="25.414"/>
  <system-out/>
</testsuite> <!-- com.mohs10.scripts.HomeTest -->
